2025-07-25 16:08:07,118 - lhp.cli.main - INFO - Logging initialized - File: /Users/leigh.robertson/Documents/local_development/databricks_resources/lakehouse_plumber/.lhp/logs/lhp.log, Console level: WARNING
2025-07-25 16:08:07,121 - lhp.core.project_config_loader - INFO - Loaded project configuration from /Users/leigh.robertson/Documents/local_development/databricks_resources/lakehouse_plumber/lhp.yaml
2025-07-25 16:08:07,121 - lhp.core.orchestrator - INFO - Initialized ActionOrchestrator with project root: /Users/leigh.robertson/Documents/local_development/databricks_resources/lakehouse_plumber
2025-07-25 16:08:07,121 - lhp.core.orchestrator - INFO - Loaded project configuration: unnamed_project v1.0.0
2025-07-25 16:08:07,125 - lhp.core.orchestrator - DEBUG - Discovered flowgroup: weather_data_cleansing (pipeline: silver_weather_transform) in /Users/leigh.robertson/Documents/local_development/databricks_resources/lakehouse_plumber/pipelines/silver_weather_transform.yaml
2025-07-25 16:08:07,128 - lhp.core.orchestrator - DEBUG - Discovered flowgroup: weather_analytics (pipeline: gold_daily_weather_aggregates) in /Users/leigh.robertson/Documents/local_development/databricks_resources/lakehouse_plumber/pipelines/gold_daily_weather_aggregates.yaml
2025-07-25 16:08:07,129 - lhp.core.project_config_loader - INFO - Loaded project configuration from /Users/leigh.robertson/Documents/local_development/databricks_resources/lakehouse_plumber/lhp.yaml
2025-07-25 16:08:07,130 - lhp.core.project_config_loader - INFO - Loaded project configuration from /Users/leigh.robertson/Documents/local_development/databricks_resources/lakehouse_plumber/lhp.yaml
2025-07-25 16:08:07,136 - lhp.core.project_config_loader - INFO - Loaded project configuration from /Users/leigh.robertson/Documents/local_development/databricks_resources/lakehouse_plumber/lhp.yaml
2025-07-25 16:08:07,141 - lhp.core.orchestrator - INFO - Starting pipeline generation by field: gold_daily_weather_aggregates for env: dev
2025-07-25 16:08:07,143 - lhp.core.orchestrator - DEBUG - Discovered flowgroup: weather_data_cleansing (pipeline: silver_weather_transform) in /Users/leigh.robertson/Documents/local_development/databricks_resources/lakehouse_plumber/pipelines/silver_weather_transform.yaml
2025-07-25 16:08:07,145 - lhp.core.orchestrator - DEBUG - Discovered flowgroup: weather_analytics (pipeline: gold_daily_weather_aggregates) in /Users/leigh.robertson/Documents/local_development/databricks_resources/lakehouse_plumber/pipelines/gold_daily_weather_aggregates.yaml
2025-07-25 16:08:07,145 - lhp.core.orchestrator - DEBUG - Found flowgroup 'weather_analytics' for pipeline 'gold_daily_weather_aggregates'
2025-07-25 16:08:07,148 - lhp.core.orchestrator - DEBUG - Discovered flowgroup: weather_data_cleansing (pipeline: silver_weather_transform) in /Users/leigh.robertson/Documents/local_development/databricks_resources/lakehouse_plumber/pipelines/silver_weather_transform.yaml
2025-07-25 16:08:07,151 - lhp.core.orchestrator - DEBUG - Discovered flowgroup: weather_analytics (pipeline: gold_daily_weather_aggregates) in /Users/leigh.robertson/Documents/local_development/databricks_resources/lakehouse_plumber/pipelines/gold_daily_weather_aggregates.yaml
2025-07-25 16:08:07,152 - lhp.core.project_config_loader - INFO - Loaded project configuration from /Users/leigh.robertson/Documents/local_development/databricks_resources/lakehouse_plumber/lhp.yaml
2025-07-25 16:08:07,159 - lhp.core.orchestrator - INFO - Smart generation: processing 1/2 flowgroups
2025-07-25 16:08:07,160 - lhp.core.orchestrator - INFO - Processing flowgroup: weather_analytics
2025-07-25 16:08:07,180 - lhp.utils.smart_file_writer - INFO - Generated: /Users/leigh.robertson/Documents/local_development/databricks_resources/lakehouse_plumber/generated/gold_daily_weather_aggregates/weather_analytics.py
2025-07-25 16:08:07,187 - lhp.core.state_dependency_resolver - DEBUG - Resolved 1 dependencies for pipelines/gold_daily_weather_aggregates.yaml
2025-07-25 16:08:07,188 - lhp.core.state_manager - DEBUG - Updated global dependencies for environment: dev
2025-07-25 16:08:07,188 - lhp.core.state_manager - DEBUG - Tracked generated file: generated/gold_daily_weather_aggregates/weather_analytics.py from pipelines/gold_daily_weather_aggregates.yaml with 1 dependencies
2025-07-25 16:08:07,188 - lhp.core.orchestrator - INFO - Generated: /Users/leigh.robertson/Documents/local_development/databricks_resources/lakehouse_plumber/generated/gold_daily_weather_aggregates/weather_analytics.py
2025-07-25 16:08:07,188 - lhp.core.state_manager - DEBUG - Saved state to /Users/leigh.robertson/Documents/local_development/databricks_resources/lakehouse_plumber/.lhp_state.json
2025-07-25 16:08:07,188 - lhp.core.orchestrator - INFO - Pipeline generation complete: gold_daily_weather_aggregates
2025-07-25 16:08:07,188 - lhp.core.orchestrator - INFO - Starting pipeline generation by field: silver_weather_transform for env: dev
2025-07-25 16:08:07,190 - lhp.core.orchestrator - DEBUG - Discovered flowgroup: weather_data_cleansing (pipeline: silver_weather_transform) in /Users/leigh.robertson/Documents/local_development/databricks_resources/lakehouse_plumber/pipelines/silver_weather_transform.yaml
2025-07-25 16:08:07,193 - lhp.core.orchestrator - DEBUG - Discovered flowgroup: weather_analytics (pipeline: gold_daily_weather_aggregates) in /Users/leigh.robertson/Documents/local_development/databricks_resources/lakehouse_plumber/pipelines/gold_daily_weather_aggregates.yaml
2025-07-25 16:08:07,193 - lhp.core.orchestrator - DEBUG - Found flowgroup 'weather_data_cleansing' for pipeline 'silver_weather_transform'
2025-07-25 16:08:07,195 - lhp.core.orchestrator - DEBUG - Discovered flowgroup: weather_data_cleansing (pipeline: silver_weather_transform) in /Users/leigh.robertson/Documents/local_development/databricks_resources/lakehouse_plumber/pipelines/silver_weather_transform.yaml
2025-07-25 16:08:07,198 - lhp.core.orchestrator - DEBUG - Discovered flowgroup: weather_analytics (pipeline: gold_daily_weather_aggregates) in /Users/leigh.robertson/Documents/local_development/databricks_resources/lakehouse_plumber/pipelines/gold_daily_weather_aggregates.yaml
2025-07-25 16:08:07,201 - lhp.core.state_dependency_resolver - DEBUG - Resolved 1 dependencies for /Users/leigh.robertson/Documents/local_development/databricks_resources/lakehouse_plumber/pipelines/gold_daily_weather_aggregates.yaml
2025-07-25 16:08:07,202 - lhp.core.project_config_loader - INFO - Loaded project configuration from /Users/leigh.robertson/Documents/local_development/databricks_resources/lakehouse_plumber/lhp.yaml
2025-07-25 16:08:07,208 - lhp.core.orchestrator - INFO - Smart generation: processing 1/2 flowgroups
2025-07-25 16:08:07,209 - lhp.core.orchestrator - INFO - Processing flowgroup: weather_data_cleansing
2025-07-25 16:08:07,223 - lhp.utils.smart_file_writer - INFO - Generated: /Users/leigh.robertson/Documents/local_development/databricks_resources/lakehouse_plumber/generated/silver_weather_transform/weather_data_cleansing.py
2025-07-25 16:08:07,227 - lhp.core.state_dependency_resolver - DEBUG - Resolved 1 dependencies for pipelines/silver_weather_transform.yaml
2025-07-25 16:08:07,227 - lhp.core.state_manager - DEBUG - Updated global dependencies for environment: dev
2025-07-25 16:08:07,227 - lhp.core.state_manager - DEBUG - Tracked generated file: generated/silver_weather_transform/weather_data_cleansing.py from pipelines/silver_weather_transform.yaml with 1 dependencies
2025-07-25 16:08:07,227 - lhp.core.orchestrator - INFO - Generated: /Users/leigh.robertson/Documents/local_development/databricks_resources/lakehouse_plumber/generated/silver_weather_transform/weather_data_cleansing.py
2025-07-25 16:08:07,227 - lhp.core.state_manager - DEBUG - Saved state to /Users/leigh.robertson/Documents/local_development/databricks_resources/lakehouse_plumber/.lhp_state.json
2025-07-25 16:08:07,227 - lhp.core.orchestrator - INFO - Pipeline generation complete: silver_weather_transform
2025-07-25 16:08:07,228 - lhp.core.state_manager - DEBUG - Saved state to /Users/leigh.robertson/Documents/local_development/databricks_resources/lakehouse_plumber/.lhp_state.json
2025-07-25 16:08:07,228 - lhp.utils.bundle_detection - DEBUG - Bundle support enabled - databricks.yml found in /Users/leigh.robertson/Documents/local_development/databricks_resources/lakehouse_plumber
2025-07-25 16:08:07,228 - lhp.bundle.manager - INFO - 🔄 Syncing bundle resources with generated files...
2025-07-25 16:08:07,228 - lhp.bundle.manager - DEBUG - Ensured LHP resources directory exists: /Users/leigh.robertson/Documents/local_development/databricks_resources/lakehouse_plumber/resources/lhp
2025-07-25 16:08:07,228 - lhp.bundle.manager - DEBUG - Found pipeline directory: gold_daily_weather_aggregates
2025-07-25 16:08:07,228 - lhp.bundle.manager - DEBUG - Found pipeline directory: silver_weather_transform
2025-07-25 16:08:07,228 - lhp.bundle.manager - DEBUG - Found notebook: ../../generated/gold_daily_weather_aggregates/weather_analytics.py
2025-07-25 16:08:07,228 - lhp.bundle.manager - INFO - Created new resource file: /Users/leigh.robertson/Documents/local_development/databricks_resources/lakehouse_plumber/resources/lhp/gold_daily_weather_aggregates.pipeline.yml
2025-07-25 16:08:07,228 - lhp.bundle.manager - DEBUG - Successfully synced pipeline: gold_daily_weather_aggregates
2025-07-25 16:08:07,228 - lhp.bundle.manager - DEBUG - Found notebook: ../../generated/silver_weather_transform/weather_data_cleansing.py
2025-07-25 16:08:07,229 - lhp.bundle.manager - INFO - Created new resource file: /Users/leigh.robertson/Documents/local_development/databricks_resources/lakehouse_plumber/resources/lhp/silver_weather_transform.pipeline.yml
2025-07-25 16:08:07,229 - lhp.bundle.manager - DEBUG - Successfully synced pipeline: silver_weather_transform
2025-07-25 16:08:07,229 - lhp.bundle.manager - INFO - ✅ Updated 2 bundle resource file(s)
2025-07-25 16:08:07,229 - lhp.bundle.temporary_databricks_headers - INFO - 🔧 TEMPORARY: Adding Databricks notebook headers for dev environment...
2025-07-25 16:08:07,229 - lhp.bundle.temporary_databricks_headers - DEBUG - TEMPORARY: Found 2 Python files to process
2025-07-25 16:08:07,229 - lhp.bundle.temporary_databricks_headers - DEBUG - TEMPORARY: Added header to silver_weather_transform/weather_data_cleansing.py
2025-07-25 16:08:07,229 - lhp.bundle.temporary_databricks_headers - DEBUG - TEMPORARY: Added header to gold_daily_weather_aggregates/weather_analytics.py
2025-07-25 16:08:07,229 - lhp.bundle.temporary_databricks_headers - INFO - ✅ TEMPORARY: Added Databricks headers to 2 Python file(s)
2025-07-25 16:08:07,230 - lhp.bundle.manager - DEBUG - TEMPORARY: Added Databricks headers to 2 Python file(s)
